<?xml version="1.0" encoding="UTF-8"?>
<!-- Generated by org.testng.reporters.JUnitXMLReporter -->
<testsuite ignored="0" hostname="Murari" failures="1" tests="14" name="Tutorialsninja Tests" time="45.804" errors="0" timestamp="2023-08-30T09:48:13 IST">
  <testcase classname="com.tutorialsninja.qa.testcases.RegisterTest" name="VerifyRegisteringAnAccountWithMandatoryfields" time="1.258"/>
  <testcase classname="com.tutorialsninja.qa.testcases.RegisterTest" name="VerifyRegisteringAnAccountByprovidingallfields" time="1.269"/>
  <testcase classname="com.tutorialsninja.qa.testcases.RegisterTest" name="VerifyRegisteringAccountWithExistingEmail" time="1.044"/>
  <testcase classname="com.tutorialsninja.qa.testcases.RegisterTest" name="verifyRegisteringAccountWithoutFillingAnyDetails" time="0.475"/>
  <testcase classname="com.tutorialsninja.qa.testcases.LoginTest" name="VerifyLoginWithValidCredentials" time="0.671"/>
  <testcase classname="com.tutorialsninja.qa.testcases.LoginTest" name="VerifyLoginWithValidCredentials" time="0.665"/>
  <testcase classname="com.tutorialsninja.qa.testcases.LoginTest" name="VerifyLoginWithValidCredentials" time="0.651"/>
  <testcase classname="com.tutorialsninja.qa.testcases.LoginTest" name="VerifyLoginWithInvalidCredentials" time="0.683"/>
  <testcase classname="com.tutorialsninja.qa.testcases.LoginTest" name="VerifyLoginWithInvalidEmailAndValidPassword" time="0.65"/>
  <testcase classname="com.tutorialsninja.qa.testcases.LoginTest" name="VerifyLoginWithValidEmailAndInvalidPassword" time="0.66"/>
  <testcase classname="com.tutorialsninja.qa.testcases.LoginTest" name="VerifyLoginWithoutProvidingCredentials" time="0.332"/>
  <testcase classname="com.tutorialsninja.qa.testcases.SearchTest" name="VerifySearchWithValidProduct" time="0.411"/>
  <testcase classname="com.tutorialsninja.qa.testcases.SearchTest" name="VerifySearchWithInvalidProduct" time="0.377">
    <failure type="java.lang.AssertionError" message="expected [There is no product that matches the search criteria+abc.] but found [There is no product that matches the search criteria.]">
      <![CDATA[java.lang.AssertionError: expected [There is no product that matches the search criteria+abc.] but found [There is no product that matches the search criteria.]
at com.tutorialsninja.qa.testcases.SearchTest.VerifySearchWithInvalidProduct(SearchTest.java:52)
at java.base/java.util.ArrayList.forEach(ArrayList.java:1511)
... Removed 33 stack frames]]>
    </failure>
  </testcase> <!-- VerifySearchWithInvalidProduct -->
  <testcase classname="com.tutorialsninja.qa.testcases.SearchTest" name="VerifySearchWithoutAnyProduct" time="0.0">
    <skipped/>
  </testcase> <!-- VerifySearchWithoutAnyProduct -->
</testsuite> <!-- Tutorialsninja Tests -->
